<?xml version="1.0" encoding="UTF-8"?>
<testng-results ignored="0" total="1" passed="1" failed="0" skipped="0">
  <reporter-output>
  </reporter-output>
  <suite started-at="2020-12-23T12:13:10 CST" name="Default suite" finished-at="2020-12-23T12:13:21 CST" duration-ms="11191">
    <groups>
    </groups>
    <test started-at="2020-12-23T12:13:10 CST" name="Default test" finished-at="2020-12-23T12:13:21 CST" duration-ms="11191">
      <class name="SauceLabTest.SauceTestCase">
        <test-method is-config="true" signature="setup(java.lang.String, java.lang.String, java.lang.String)[pri:0, instance:SauceLabTest.SauceTestCase@636be97c]" started-at="2020-12-23T12:13:10 CST" name="setup" finished-at="2020-12-23T12:13:16 CST" duration-ms="5863" status="PASS">
          <params>
            <param index="0">
              <value>
                <![CDATA[Firefox]]>
              </value>
            </param>
            <param index="1">
              <value>
                <![CDATA[45.0]]>
              </value>
            </param>
            <param index="2">
              <value>
                <![CDATA[Linux]]>
              </value>
            </param>
          </params>
          <reporter-output>
          </reporter-output>
        </test-method> <!-- setup -->
        <test-method signature="verifyLogin()[pri:0, instance:SauceLabTest.SauceTestCase@636be97c]" started-at="2020-12-23T12:13:16 CST" name="verifyLogin" finished-at="2020-12-23T12:13:21 CST" duration-ms="5041" status="PASS">
          <reporter-output>
          </reporter-output>
        </test-method> <!-- verifyLogin -->
        <test-method is-config="true" signature="tearDown()[pri:0, instance:SauceLabTest.SauceTestCase@636be97c]" started-at="2020-12-23T12:13:21 CST" name="tearDown" finished-at="2020-12-23T12:13:21 CST" duration-ms="248" status="PASS">
          <reporter-output>
          </reporter-output>
        </test-method> <!-- tearDown -->
      </class> <!-- SauceLabTest.SauceTestCase -->
    </test> <!-- Default test -->
  </suite> <!-- Default suite -->
</testng-results>
